{
  "0 debug pnpm:scope": {
    "selected": 1
  },
  "1 error pnpm": {
    "code": "ELIFECYCLE",
    "errno": "ENOENT",
    "syscall": "spawn",
    "file": "sh",
    "pkgid": "splice.ie@0.0.3",
    "stage": "dev",
    "script": "svelte-kit dev",
    "pkgname": "splice.ie",
    "err": {
      "name": "pnpm",
      "message": "splice.ie@0.0.3 dev: `svelte-kit dev`\nspawn ENOENT",
      "code": "ELIFECYCLE",
      "stack": "pnpm: splice.ie@0.0.3 dev: `svelte-kit dev`\nspawn ENOENT\n    at ChildProcess.<anonymous> (/opt/homebrew/Cellar/node/17.0.1/pnpm-global/5/node_modules/.pnpm/pnpm@6.30.1/node_modules/pnpm/dist/pnpm.cjs:92204:22)\n    at ChildProcess.emit (node:events:390:28)\n    at maybeClose (node:internal/child_process:1062:16)\n    at Process.ChildProcess._handle.onexit (node:internal/child_process:301:5)"
    }
  },
  "2 warn pnpm:global": " Local package.json exists, but node_modules missing, did you mean to install?"
}